09:15:26 INFO  : Launching XSDB server: xsdb.bat C:/Xilinx/SDK/2015.4/scripts/xsdb/xsdb/xsdb-server.tcl
09:15:27 INFO  : XSDB server has started successfully.
09:23:02 INFO  : Connected to target on host '127.0.0.1' and port '3121'.
09:23:03 INFO  : 'targets -set -filter {jtag_cable_name =~ "Digilent Zed 210248707385" && level==0} -index 1' command is executed.
09:23:05 INFO  : FPGA configured successfully with bitstream "C:/Users/hughes.ch.NUNET/Downloads/Zynq_HDMI_Workspace(1)/HDMI/hw_platform_0/system_top.bit"
09:23:20 INFO  : ps7_init is completed.
09:23:20 INFO  : ps7_post_config is completed.
09:23:20 INFO  : Processor reset is completed for ps7_cortexa9_0
09:25:50 INFO  : Processor reset is completed for ps7_cortexa9_0
09:57:32 INFO  : ps7_cortexa9_0 Processor is in use. Please stop existing Run or Debug sessions before launching.
09:57:37 INFO  : Processor reset is completed for ps7_cortexa9_0
09:59:57 INFO  : ps7_cortexa9_0 Processor is in use. Please stop existing Run or Debug sessions before launching.
09:59:59 INFO  : Processor reset is completed for ps7_cortexa9_0
10:05:14 INFO  : Processor reset is completed for ps7_cortexa9_0
10:11:55 INFO  : Processor reset is completed for ps7_cortexa9_0
10:28:27 INFO  : Processor reset is completed for ps7_cortexa9_0
10:30:27 INFO  : Processor reset is completed for ps7_cortexa9_0
10:34:38 INFO  : ps7_cortexa9_0 Processor is in use. Please stop existing Run or Debug sessions before launching.
10:34:40 INFO  : Processor reset is completed for ps7_cortexa9_0
10:37:18 INFO  : ps7_cortexa9_0 Processor is in use. Please stop existing Run or Debug sessions before launching.
10:37:19 INFO  : Processor reset is completed for ps7_cortexa9_0
10:42:06 INFO  : ps7_cortexa9_0 Processor is in use. Please stop existing Run or Debug sessions before launching.
10:42:09 INFO  : Processor reset is completed for ps7_cortexa9_0
10:56:43 INFO  : Processor reset is completed for ps7_cortexa9_0
10:59:15 ERROR : Unexpected error while parsing XMD response ?: com.google.gson.JsonSyntaxException: com.google.gson.stream.MalformedJsonException: invalid number or unquoted string near 
20:03:41 INFO  : Launching XSDB server: xsdb.bat C:/Xilinx/SDK/2015.4/scripts/xsdb/xsdb/xsdb-server.tcl
20:03:45 INFO  : XSDB server has started successfully.
20:19:12 INFO  : Launching XSDB server: xsdb.bat C:/Xilinx/SDK/2015.4/scripts/xsdb/xsdb/xsdb-server.tcl
20:19:15 INFO  : XSDB server has started successfully.
20:20:03 INFO  : Launching XSDB server: xsdb.bat C:/Xilinx/SDK/2015.4/scripts/xsdb/xsdb/xsdb-server.tcl
20:20:06 INFO  : XSDB server has started successfully.
20:36:25 INFO  : Launching XSDB server: xsdb.bat C:/Xilinx/SDK/2015.4/scripts/xsdb/xsdb/xsdb-server.tcl
20:36:37 INFO  : XSDB server has started successfully.
21:14:47 INFO  : Launching XSDB server: xsdb.bat C:/Xilinx/SDK/2015.4/scripts/xsdb/xsdb/xsdb-server.tcl
21:14:53 INFO  : XSDB server has started successfully.
21:38:02 INFO  : Connected to target on host '127.0.0.1' and port '3121'.
21:38:04 INFO  : 'targets -set -filter {jtag_cable_name =~ "Digilent Zed 210248707864" && level==0} -index 1' command is executed.
21:38:07 INFO  : FPGA configured successfully with bitstream "C:/Users/Chris/hdmi_workspace/hw_platform_0/system_top.bit"
21:38:54 INFO  : ps7_init is completed.
21:38:54 INFO  : ps7_post_config is completed.
21:38:54 INFO  : Processor reset is completed for ps7_cortexa9_0
21:40:15 ERROR : Unexpected error while parsing XMD response ?: com.google.gson.JsonSyntaxException: com.google.gson.stream.MalformedJsonException: invalid number or unquoted string near 
12:11:39 INFO  : Launching XSDB server: xsdb.bat C:/Xilinx/SDK/2015.4/scripts/xsdb/xsdb/xsdb-server.tcl
12:11:48 INFO  : XSDB server has started successfully.
12:14:03 INFO  : Launching XSDB server: xsdb.bat C:/Xilinx/SDK/2015.4/scripts/xsdb/xsdb/xsdb-server.tcl
12:14:05 INFO  : XSDB server has started successfully.
12:14:27 INFO  : Connected to target on host '127.0.0.1' and port '3121'.
12:14:28 INFO  : 'targets -set -filter {jtag_cable_name =~ "Digilent Zed 210248707864" && level==0} -index 1' command is executed.
12:14:31 INFO  : FPGA configured successfully with bitstream "C:/Users/Chris/hdmi_workspace/hw_platform_0/system_top.bit"
12:16:24 INFO  : ps7_init is completed.
12:16:24 INFO  : ps7_post_config is completed.
12:16:25 INFO  : Processor reset is completed for ps7_cortexa9_0
